11:23:34.727429 360PassiveDNS: check callback failed for the configuration
11:23:34.727476 ZoomEye: check callback failed for the configuration
11:23:34.727519 ASNLookup: check callback failed for the configuration
11:23:34.727654 Hunter: check callback failed for the configuration
11:23:34.727724 IPdata: check callback failed for the configuration
11:23:34.727734 Ahrefs: check callback failed for the configuration
11:23:34.727760 IntelX: check callback failed for the configuration
11:23:34.727805 Netlas: check callback failed for the configuration
11:23:34.727825 ONYPHE: check callback failed for the configuration
11:23:34.727853 PassiveTotal: check callback failed for the configuration
11:23:34.727874 Pastebin: check callback failed for the configuration
11:23:34.727891 PentestTools: check callback failed for the configuration
11:23:34.727910 PublicWWW: check callback failed for the configuration
11:23:34.727941 Quake: check callback failed for the configuration
11:23:34.727950 BigDataCloud: check callback failed for the configuration
11:23:34.728009 SOCRadar: check callback failed for the configuration
11:23:34.728041 BufferOver: check callback failed for the configuration
11:23:34.728059 SecurityTrails: check callback failed for the configuration
11:23:34.728064 BuiltWith: check callback failed for the configuration
11:23:34.728086 Shodan: check callback failed for the configuration
11:23:34.728111 Spamhaus: check callback failed for the configuration
11:23:34.728119 C99: check callback failed for the configuration
11:23:34.728142 CIRCL: check callback failed for the configuration
11:23:34.728156 ThreatBook: check callback failed for the configuration
11:23:34.728164 Censys: check callback failed for the configuration
11:23:34.728183 CertCentral: check callback failed for the configuration
11:23:34.728202 VirusTotal: check callback failed for the configuration
11:23:34.728208 Chaos: check callback failed for the configuration
11:23:34.728229 WhoisXMLAPI: check callback failed for the configuration
11:23:34.728261 Yandex: check callback failed for the configuration
11:23:34.728280 ZETAlytics: check callback failed for the configuration
11:23:34.728312 DNSRepo: check callback failed for the configuration
11:23:34.728342 DNSlytics: check callback failed for the configuration
11:23:34.728360 Deepinfo: check callback failed for the configuration
11:23:34.728378 BeVigil: check callback failed for the configuration
11:23:34.728282 DNSDB: check callback failed for the configuration
11:23:34.728404 FOFA: check callback failed for the configuration
11:23:34.728421 FacebookCT: check callback failed for the configuration
11:23:34.728431 Detectify: check callback failed for the configuration
11:23:34.728439 FullHunt: check callback failed for the configuration
11:23:34.727746 IPinfo: check callback failed for the configuration
11:23:34.728466 GitHub: check callback failed for the configuration
11:23:34.728484 GitLab: check callback failed for the configuration
11:23:34.729168 Querying Baidu for shopifycloud.com subdomains
11:23:34.729280 Querying Brute Forcing for shopifycloud.com subdomains
11:23:34.729294 Querying CertSpotter for shopifycloud.com subdomains
11:23:34.729319 Querying Greynoise for shopifycloud.com subdomains
11:23:34.729334 Querying AbuseIPDB for shopifycloud.com subdomains
11:23:34.729688 Querying PKey for shopifycloud.com subdomains
11:23:34.729714 Querying UKWebArchive for shopifycloud.com subdomains
11:23:34.729726 Querying BinaryEdge for shopifycloud.com subdomains
11:23:34.729952 Querying URLScan for shopifycloud.com subdomains
11:23:34.729980 Querying Ask for shopifycloud.com subdomains
11:23:34.730006 Querying HackerOne for shopifycloud.com subdomains
11:23:34.730023 Querying Active Crawl for shopifycloud.com subdomains
11:23:34.730033 Querying AnubisDB for shopifycloud.com subdomains
11:23:34.730046 Querying HackerTarget for shopifycloud.com subdomains
11:23:34.730062 Querying GrepApp for shopifycloud.com subdomains
11:23:34.730082 Querying Searx for shopifycloud.com subdomains
11:23:34.730108 Querying Bing for shopifycloud.com subdomains
11:23:34.730136 Querying Digitorus for shopifycloud.com subdomains
11:23:34.730148 Querying LeakIX for shopifycloud.com subdomains
11:23:34.730165 Querying Riddler for shopifycloud.com subdomains
11:23:34.730176 Querying DNSDumpster for shopifycloud.com subdomains
11:23:34.730187 Querying HyperStat for shopifycloud.com subdomains
11:23:34.730202 Querying Searchcode for shopifycloud.com subdomains
11:23:34.730221 Querying Sublist3rAPI for shopifycloud.com subdomains
11:23:34.730240 Querying DuckDuckGo for shopifycloud.com subdomains
11:23:34.730256 Querying Maltiverse for shopifycloud.com subdomains
11:23:34.730279 Querying RapidDNS for shopifycloud.com subdomains
11:23:34.730291 Querying Crtsh for shopifycloud.com subdomains
11:23:34.730303 Querying DNS SRV for shopifycloud.com subdomains
11:23:34.730312 Querying Synapsint for shopifycloud.com subdomains
11:23:34.730324 Querying Yahoo for shopifycloud.com subdomains
11:23:34.730347 Querying AlienVault for shopifycloud.com subdomains
11:23:34.730447 Querying Gists for shopifycloud.com subdomains
11:23:34.730559 Querying Pulsedive for shopifycloud.com subdomains
11:23:34.730724 Querying Active DNS for shopifycloud.com subdomains
11:23:34.730746 Querying ThreatMiner for shopifycloud.com subdomains
11:23:34.730769 Querying DNSSpy for shopifycloud.com subdomains
11:23:34.730783 Querying HAW for shopifycloud.com subdomains
11:23:34.730795 Querying Mnemonic for shopifycloud.com subdomains
11:23:34.730901 Querying SiteDossier for shopifycloud.com subdomains
11:23:34.730920 Querying Wayback for shopifycloud.com subdomains
11:23:34.730933 Querying DNSHistory for shopifycloud.com subdomains
11:23:34.731160 Querying Arquivo for shopifycloud.com subdomains
11:23:34.731186 Querying Google for shopifycloud.com subdomains
11:23:34.731216 Querying CommonCrawl for shopifycloud.com subdomains
11:23:35.940710 AbuseIPDB: get_ip request to service returned with status code: 403 Forbidden
11:23:36.122994 Greynoise: vertical request to service returned with status: 404 Not Found
11:23:36.488903 Sublist3rAPI: vertical request to service failed: Get "https://api.sublist3r.com/search.php?domain=shopifycloud.com": http: server gave HTTP response to HTTPS client
11:23:37.248600 DNSHistory: vertical request to service returned with status code: 403 Forbidden
11:23:37.520320 Pulsedive: vertical request to service returned with status: 400 Bad Request
11:23:37.602910 Baidu: scrape: Get "https://wappass.baidu.com/static/captcha/tuxing.html?&logid=8244828631857166100&ak=c27bbc89afca0463650ac9bde68ebe06&backurl=https%3A%2F%2Fwww.baidu.com%2Fs%3Foq%3Dsite%253Ashopifycloud.com%2B-site%253Awww.shopifycloud.com%26pn%3D1%26wd%3Dsite%253Ashopifycloud.com%2B-site%253Awww.shopifycloud.com&ext=x9G9QDmMXq%2FNo87gjGO0P1p5E40HtKrZEEe2a2gXzUs9qxHzv8tRxodBg5SciE9xg1T9i%2F9aWxTqDk%2BHyX%2BPszWhxC3k6fSFCGM%2FpRvBusHtVFlEbFdJcgWYWxv3sWxeSCAe1EQ3IsG%2BFn2u6CQ8X5MGpZvluuS3axXkT94wgh4%3D&signature=1812fc3b1a87307b158fa388741150c9&timestamp=1697801016": read tcp 128.199.22.67:38408->103.235.46.9:443: read: connection reset by peer
11:23:38.700004 Searx: scrape: Post "https://procurx.pt/search": dial tcp: lookup procurx.pt on 127.0.0.53:53: no such host
11:23:46.729597 CertSpotter: vertical request to service failed: Get "https://api.certspotter.com/v1/issuances?domain=shopifycloud.com&expand=dns_names&include_subdomains=true&match_wildcards=true": context deadline exceeded (Client.Timeout exceeded while awaiting headers)
11:23:46.734743 CommonCrawl: scrape: Get "https://index.commoncrawl.org/CC-MAIN-2023-40-index?fl=url&output=json&url=%2A.shopifycloud.com": context deadline exceeded (Client.Timeout exceeded while awaiting headers)
11:23:48.750643 HAW: vertical request to service failed: Get "https://haw.nsk.hr/proxy.php?subject=keywords&start=undefined&q=shopifycloud.com": context deadline exceeded (Client.Timeout exceeded while awaiting headers)
11:23:56.736036 CommonCrawl: scrape: Get "https://index.commoncrawl.org/CC-MAIN-2023-23-index?fl=url&output=json&url=%2A.shopifycloud.com": context deadline exceeded (Client.Timeout exceeded while awaiting headers)
11:24:06.736973 CommonCrawl: scrape: Get "https://index.commoncrawl.org/CC-MAIN-2023-14-index?fl=url&output=json&url=%2A.shopifycloud.com": context deadline exceeded (Client.Timeout exceeded while awaiting headers)
11:24:16.737772 CommonCrawl: scrape: Get "https://index.commoncrawl.org/CC-MAIN-2023-06-index?fl=url&output=json&url=%2A.shopifycloud.com": context deadline exceeded (Client.Timeout exceeded while awaiting headers)
11:24:26.738490 CommonCrawl: scrape: Get "https://index.commoncrawl.org/CC-MAIN-2022-49-index?fl=url&output=json&url=%2A.shopifycloud.com": context deadline exceeded (Client.Timeout exceeded while awaiting headers)
